<?xml version="1.0" encoding="UTF-8"?>
<testsuite xmlns:xsi="http://www.w3.org/2001/XMLSchema-instance" xsi:schemaLocation="https://maven.apache.org/surefire/maven-surefire-plugin/xsd/surefire-test-report.xsd" name="project.StuffTest" time="0.128" tests="4" errors="4" skipped="0" failures="0">
  <properties>
[...]
</properties>
  <testcase name="multiTest" classname="project.StuffTest" time="0.04">
    <error message="Bad type on operand stack&#10;Exception Details:&#10;  Location:&#10;    project/Stuff.&lt;init&gt;()V @11: invokestatic&#10;  Reason:&#10;    Type uninitializedThis (current frame, stack[0]) is not assignable to &apos;java/lang/Object&apos;&#10;  Current Frame:&#10;    bci: @11&#10;    flags: { flagThisUninit }&#10;    locals: { uninitializedThis }&#10;    stack: { uninitializedThis }&#10;  Bytecode:&#10;    0x0000000: 1208 1209 b800 0fb8 0015 2ab8 0019 2ab7&#10;    0x0000010: 001b b100 0000 0000 0000 0000 bf       &#10;  Stackmap Table:&#10;    full_frame(@19,{},{Object[#31]})&#10;" type="java.lang.VerifyError"><![CDATA[java.lang.VerifyError: 
Bad type on operand stack
Exception Details:
  Location:
    project/Stuff.<init>()V @11: invokestatic
  Reason:
    Type uninitializedThis (current frame, stack[0]) is not assignable to 'java/lang/Object'
  Current Frame:
    bci: @11
    flags: { flagThisUninit }
    locals: { uninitializedThis }
    stack: { uninitializedThis }
  Bytecode:
    0x0000000: 1208 1209 b800 0fb8 0015 2ab8 0019 2ab7
    0x0000010: 001b b100 0000 0000 0000 0000 bf       
  Stackmap Table:
    full_frame(@19,{},{Object[#31]})

	at project.StuffTest.multiTest(StuffTest.java:32)
]]></error>
    <system-out><![CDATA[
-----
Starting - multiTest
]]></system-out>
  </testcase>
  <testcase name="testStuff" classname="project.StuffTest" time="0">
    <error message="Bad type on operand stack&#10;Exception Details:&#10;  Location:&#10;    project/Stuff.&lt;init&gt;()V @11: invokestatic&#10;  Reason:&#10;    Type uninitializedThis (current frame, stack[0]) is not assignable to &apos;java/lang/Object&apos;&#10;  Current Frame:&#10;    bci: @11&#10;    flags: { flagThisUninit }&#10;    locals: { uninitializedThis }&#10;    stack: { uninitializedThis }&#10;  Bytecode:&#10;    0x0000000: 1208 1209 b800 0fb8 0015 2ab8 0019 2ab7&#10;    0x0000010: 001b b100 0000 0000 0000 0000 bf       &#10;  Stackmap Table:&#10;    full_frame(@19,{},{Object[#31]})&#10;" type="java.lang.VerifyError"><![CDATA[java.lang.VerifyError: 
Bad type on operand stack
Exception Details:
  Location:
    project/Stuff.<init>()V @11: invokestatic
  Reason:
    Type uninitializedThis (current frame, stack[0]) is not assignable to 'java/lang/Object'
  Current Frame:
    bci: @11
    flags: { flagThisUninit }
    locals: { uninitializedThis }
    stack: { uninitializedThis }
  Bytecode:
    0x0000000: 1208 1209 b800 0fb8 0015 2ab8 0019 2ab7
    0x0000010: 001b b100 0000 0000 0000 0000 bf       
  Stackmap Table:
    full_frame(@19,{},{Object[#31]})

	at project.StuffTest.testStuff(StuffTest.java:12)
]]></error>
    <system-out><![CDATA[Finished - multiTest

-----
Starting - testStuff
]]></system-out>
    <system-err><![CDATA[FAILURE: multiTest(project.StuffTest): Bad type on operand stack
Exception Details:
  Location:
    project/Stuff.<init>()V @11: invokestatic
  Reason:
    Type uninitializedThis (current frame, stack[0]) is not assignable to 'java/lang/Object'
  Current Frame:
    bci: @11
    flags: { flagThisUninit }
    locals: { uninitializedThis }
    stack: { uninitializedThis }
  Bytecode:
    0x0000000: 1208 1209 b800 0fb8 0015 2ab8 0019 2ab7
    0x0000010: 001b b100 0000 0000 0000 0000 bf       
  Stackmap Table:
    full_frame(@19,{},{Object[#31]})

]]></system-err>
  </testcase>
  <testcase name="twoTest" classname="project.StuffTest" time="0">
    <error message="Bad type on operand stack&#10;Exception Details:&#10;  Location:&#10;    project/Stuff.&lt;init&gt;()V @11: invokestatic&#10;  Reason:&#10;    Type uninitializedThis (current frame, stack[0]) is not assignable to &apos;java/lang/Object&apos;&#10;  Current Frame:&#10;    bci: @11&#10;    flags: { flagThisUninit }&#10;    locals: { uninitializedThis }&#10;    stack: { uninitializedThis }&#10;  Bytecode:&#10;    0x0000000: 1208 1209 b800 0fb8 0015 2ab8 0019 2ab7&#10;    0x0000010: 001b b100 0000 0000 0000 0000 bf       &#10;  Stackmap Table:&#10;    full_frame(@19,{},{Object[#31]})&#10;" type="java.lang.VerifyError"><![CDATA[java.lang.VerifyError: 
Bad type on operand stack
Exception Details:
  Location:
    project/Stuff.<init>()V @11: invokestatic
  Reason:
    Type uninitializedThis (current frame, stack[0]) is not assignable to 'java/lang/Object'
  Current Frame:
    bci: @11
    flags: { flagThisUninit }
    locals: { uninitializedThis }
    stack: { uninitializedThis }
  Bytecode:
    0x0000000: 1208 1209 b800 0fb8 0015 2ab8 0019 2ab7
    0x0000010: 001b b100 0000 0000 0000 0000 bf       
  Stackmap Table:
    full_frame(@19,{},{Object[#31]})

	at project.StuffTest.twoTest(StuffTest.java:27)
]]></error>
    <system-out><![CDATA[Finished - testStuff

-----
Starting - twoTest
]]></system-out>
    <system-err><![CDATA[FAILURE: testStuff(project.StuffTest): Bad type on operand stack
Exception Details:
  Location:
    project/Stuff.<init>()V @11: invokestatic
  Reason:
    Type uninitializedThis (current frame, stack[0]) is not assignable to 'java/lang/Object'
  Current Frame:
    bci: @11
    flags: { flagThisUninit }
    locals: { uninitializedThis }
    stack: { uninitializedThis }
  Bytecode:
    0x0000000: 1208 1209 b800 0fb8 0015 2ab8 0019 2ab7
    0x0000010: 001b b100 0000 0000 0000 0000 bf       
  Stackmap Table:
    full_frame(@19,{},{Object[#31]})

]]></system-err>
  </testcase>
  <testcase name="OneTest" classname="project.StuffTest" time="0">
    <error message="Bad type on operand stack&#10;Exception Details:&#10;  Location:&#10;    project/Stuff.&lt;init&gt;()V @11: invokestatic&#10;  Reason:&#10;    Type uninitializedThis (current frame, stack[0]) is not assignable to &apos;java/lang/Object&apos;&#10;  Current Frame:&#10;    bci: @11&#10;    flags: { flagThisUninit }&#10;    locals: { uninitializedThis }&#10;    stack: { uninitializedThis }&#10;  Bytecode:&#10;    0x0000000: 1208 1209 b800 0fb8 0015 2ab8 0019 2ab7&#10;    0x0000010: 001b b100 0000 0000 0000 0000 bf       &#10;  Stackmap Table:&#10;    full_frame(@19,{},{Object[#31]})&#10;" type="java.lang.VerifyError"><![CDATA[java.lang.VerifyError: 
Bad type on operand stack
Exception Details:
  Location:
    project/Stuff.<init>()V @11: invokestatic
  Reason:
    Type uninitializedThis (current frame, stack[0]) is not assignable to 'java/lang/Object'
  Current Frame:
    bci: @11
    flags: { flagThisUninit }
    locals: { uninitializedThis }
    stack: { uninitializedThis }
  Bytecode:
    0x0000000: 1208 1209 b800 0fb8 0015 2ab8 0019 2ab7
    0x0000010: 001b b100 0000 0000 0000 0000 bf       
  Stackmap Table:
    full_frame(@19,{},{Object[#31]})

	at project.StuffTest.OneTest(StuffTest.java:22)
]]></error>
    <system-out><![CDATA[Finished - twoTest

-----
Starting - OneTest
]]></system-out>
    <system-err><![CDATA[FAILURE: twoTest(project.StuffTest): Bad type on operand stack
Exception Details:
  Location:
    project/Stuff.<init>()V @11: invokestatic
  Reason:
    Type uninitializedThis (current frame, stack[0]) is not assignable to 'java/lang/Object'
  Current Frame:
    bci: @11
    flags: { flagThisUninit }
    locals: { uninitializedThis }
    stack: { uninitializedThis }
  Bytecode:
    0x0000000: 1208 1209 b800 0fb8 0015 2ab8 0019 2ab7
    0x0000010: 001b b100 0000 0000 0000 0000 bf       
  Stackmap Table:
    full_frame(@19,{},{Object[#31]})

]]></system-err>
  </testcase>
</testsuite>