<?xml version="1.0" encoding="UTF-8"?>
<testsuite xmlns:xsi="http://www.w3.org/2001/XMLSchema-instance" xsi:schemaLocation="https://maven.apache.org/surefire/maven-surefire-plugin/xsd/surefire-test-report.xsd" name="project.StuffTest" time="0.128" tests="4" errors="4" skipped="0" failures="0">
  <properties>
    <property name="java.runtime.name" value="Java(TM) SE Runtime Environment"/>
    <property name="sun.boot.library.path" value="/usr/lib/jvm/jdk1.8.0_231/jre/lib/amd64"/>
    <property name="java.vm.version" value="25.231-b11"/>
    <property name="java.vm.vendor" value="Oracle Corporation"/>
    <property name="maven.multiModuleProjectDirectory" value="/home/nich227/Downloads/se-4367-project-phase2/project"/>
    <property name="java.vendor.url" value="http://java.oracle.com/"/>
    <property name="path.separator" value=":"/>
    <property name="guice.disable.misplaced.annotation.check" value="true"/>
    <property name="java.vm.name" value="Java HotSpot(TM) 64-Bit Server VM"/>
    <property name="file.encoding.pkg" value="sun.io"/>
    <property name="user.country" value="US"/>
    <property name="sun.java.launcher" value="SUN_STANDARD"/>
    <property name="sun.os.patch.level" value="unknown"/>
    <property name="java.vm.specification.name" value="Java Virtual Machine Specification"/>
    <property name="user.dir" value="/home/nich227/Downloads/se-4367-project-phase2/project"/>
    <property name="java.runtime.version" value="1.8.0_231-b11"/>
    <property name="java.awt.graphicsenv" value="sun.awt.X11GraphicsEnvironment"/>
    <property name="java.endorsed.dirs" value="/usr/lib/jvm/jdk1.8.0_231/jre/lib/endorsed"/>
    <property name="os.arch" value="amd64"/>
    <property name="java.io.tmpdir" value="/tmp"/>
    <property name="line.separator" value="&#10;"/>
    <property name="java.vm.specification.vendor" value="Oracle Corporation"/>
    <property name="os.name" value="Linux"/>
    <property name="classworlds.conf" value="/usr/share/maven/bin/m2.conf"/>
    <property name="sun.jnu.encoding" value="UTF-8"/>
    <property name="java.library.path" value="/usr/java/packages/lib/amd64:/usr/lib64:/lib64:/lib:/usr/lib"/>
    <property name="maven.conf" value="/usr/share/maven/conf"/>
    <property name="java.specification.name" value="Java Platform API Specification"/>
    <property name="java.class.version" value="52.0"/>
    <property name="sun.management.compiler" value="HotSpot 64-Bit Tiered Compilers"/>
    <property name="os.version" value="5.3.0-23-generic"/>
    <property name="library.jansi.path" value="/usr/share/maven/lib/jansi-native"/>
    <property name="user.home" value="/home/nich227"/>
    <property name="user.timezone" value="America/Chicago"/>
    <property name="java.awt.printerjob" value="sun.print.PSPrinterJob"/>
    <property name="java.specification.version" value="1.8"/>
    <property name="file.encoding" value="UTF-8"/>
    <property name="user.name" value="nich227"/>
    <property name="java.class.path" value="/usr/share/maven/boot/plexus-classworlds-2.x.jar"/>
    <property name="java.vm.specification.version" value="1.8"/>
    <property name="sun.arch.data.model" value="64"/>
    <property name="java.home" value="/usr/lib/jvm/jdk1.8.0_231/jre"/>
    <property name="sun.java.command" value="org.codehaus.plexus.classworlds.launcher.Launcher clean test"/>
    <property name="java.specification.vendor" value="Oracle Corporation"/>
    <property name="user.language" value="en"/>
    <property name="awt.toolkit" value="sun.awt.X11.XToolkit"/>
    <property name="java.vm.info" value="mixed mode"/>
    <property name="java.version" value="1.8.0_231"/>
    <property name="java.ext.dirs" value="/usr/lib/jvm/jdk1.8.0_231/jre/lib/ext:/usr/java/packages/lib/ext"/>
    <property name="securerandom.source" value="file:/dev/./urandom"/>
    <property name="sun.boot.class.path" value="/usr/lib/jvm/jdk1.8.0_231/jre/lib/resources.jar:/usr/lib/jvm/jdk1.8.0_231/jre/lib/rt.jar:/usr/lib/jvm/jdk1.8.0_231/jre/lib/sunrsasign.jar:/usr/lib/jvm/jdk1.8.0_231/jre/lib/jsse.jar:/usr/lib/jvm/jdk1.8.0_231/jre/lib/jce.jar:/usr/lib/jvm/jdk1.8.0_231/jre/lib/charsets.jar:/usr/lib/jvm/jdk1.8.0_231/jre/lib/jfr.jar:/usr/lib/jvm/jdk1.8.0_231/jre/classes"/>
    <property name="java.vendor" value="Oracle Corporation"/>
    <property name="maven.home" value="/usr/share/maven"/>
    <property name="file.separator" value="/"/>
    <property name="java.vendor.url.bug" value="http://bugreport.sun.com/bugreport/"/>
    <property name="sun.cpu.endian" value="little"/>
    <property name="sun.io.unicode.encoding" value="UnicodeLittle"/>
    <property name="sun.desktop" value="gnome"/>
    <property name="sun.cpu.isalist" value=""/>
  </properties>
  <testcase name="multiTest" classname="project.StuffTest" time="0.04">
    <error message="Bad type on operand stack&#10;Exception Details:&#10;  Location:&#10;    project/Stuff.&lt;init&gt;()V @11: invokestatic&#10;  Reason:&#10;    Type uninitializedThis (current frame, stack[0]) is not assignable to &apos;java/lang/Object&apos;&#10;  Current Frame:&#10;    bci: @11&#10;    flags: { flagThisUninit }&#10;    locals: { uninitializedThis }&#10;    stack: { uninitializedThis }&#10;  Bytecode:&#10;    0x0000000: 1208 1209 b800 0fb8 0015 2ab8 0019 2ab7&#10;    0x0000010: 001b b100 0000 0000 0000 0000 bf       &#10;  Stackmap Table:&#10;    full_frame(@19,{},{Object[#31]})&#10;" type="java.lang.VerifyError"><![CDATA[java.lang.VerifyError: 
Bad type on operand stack
Exception Details:
  Location:
    project/Stuff.<init>()V @11: invokestatic
  Reason:
    Type uninitializedThis (current frame, stack[0]) is not assignable to 'java/lang/Object'
  Current Frame:
    bci: @11
    flags: { flagThisUninit }
    locals: { uninitializedThis }
    stack: { uninitializedThis }
  Bytecode:
    0x0000000: 1208 1209 b800 0fb8 0015 2ab8 0019 2ab7
    0x0000010: 001b b100 0000 0000 0000 0000 bf       
  Stackmap Table:
    full_frame(@19,{},{Object[#31]})

	at project.StuffTest.multiTest(StuffTest.java:32)
]]></error>
    <system-out><![CDATA[
-----
Starting - multiTest
]]></system-out>
  </testcase>
  <testcase name="testStuff" classname="project.StuffTest" time="0">
    <error message="Bad type on operand stack&#10;Exception Details:&#10;  Location:&#10;    project/Stuff.&lt;init&gt;()V @11: invokestatic&#10;  Reason:&#10;    Type uninitializedThis (current frame, stack[0]) is not assignable to &apos;java/lang/Object&apos;&#10;  Current Frame:&#10;    bci: @11&#10;    flags: { flagThisUninit }&#10;    locals: { uninitializedThis }&#10;    stack: { uninitializedThis }&#10;  Bytecode:&#10;    0x0000000: 1208 1209 b800 0fb8 0015 2ab8 0019 2ab7&#10;    0x0000010: 001b b100 0000 0000 0000 0000 bf       &#10;  Stackmap Table:&#10;    full_frame(@19,{},{Object[#31]})&#10;" type="java.lang.VerifyError"><![CDATA[java.lang.VerifyError: 
Bad type on operand stack
Exception Details:
  Location:
    project/Stuff.<init>()V @11: invokestatic
  Reason:
    Type uninitializedThis (current frame, stack[0]) is not assignable to 'java/lang/Object'
  Current Frame:
    bci: @11
    flags: { flagThisUninit }
    locals: { uninitializedThis }
    stack: { uninitializedThis }
  Bytecode:
    0x0000000: 1208 1209 b800 0fb8 0015 2ab8 0019 2ab7
    0x0000010: 001b b100 0000 0000 0000 0000 bf       
  Stackmap Table:
    full_frame(@19,{},{Object[#31]})

	at project.StuffTest.testStuff(StuffTest.java:12)
]]></error>
    <system-out><![CDATA[Finished - multiTest

-----
Starting - testStuff
]]></system-out>
    <system-err><![CDATA[FAILURE: multiTest(project.StuffTest): Bad type on operand stack
Exception Details:
  Location:
    project/Stuff.<init>()V @11: invokestatic
  Reason:
    Type uninitializedThis (current frame, stack[0]) is not assignable to 'java/lang/Object'
  Current Frame:
    bci: @11
    flags: { flagThisUninit }
    locals: { uninitializedThis }
    stack: { uninitializedThis }
  Bytecode:
    0x0000000: 1208 1209 b800 0fb8 0015 2ab8 0019 2ab7
    0x0000010: 001b b100 0000 0000 0000 0000 bf       
  Stackmap Table:
    full_frame(@19,{},{Object[#31]})

]]></system-err>
  </testcase>
  <testcase name="twoTest" classname="project.StuffTest" time="0">
    <error message="Bad type on operand stack&#10;Exception Details:&#10;  Location:&#10;    project/Stuff.&lt;init&gt;()V @11: invokestatic&#10;  Reason:&#10;    Type uninitializedThis (current frame, stack[0]) is not assignable to &apos;java/lang/Object&apos;&#10;  Current Frame:&#10;    bci: @11&#10;    flags: { flagThisUninit }&#10;    locals: { uninitializedThis }&#10;    stack: { uninitializedThis }&#10;  Bytecode:&#10;    0x0000000: 1208 1209 b800 0fb8 0015 2ab8 0019 2ab7&#10;    0x0000010: 001b b100 0000 0000 0000 0000 bf       &#10;  Stackmap Table:&#10;    full_frame(@19,{},{Object[#31]})&#10;" type="java.lang.VerifyError"><![CDATA[java.lang.VerifyError: 
Bad type on operand stack
Exception Details:
  Location:
    project/Stuff.<init>()V @11: invokestatic
  Reason:
    Type uninitializedThis (current frame, stack[0]) is not assignable to 'java/lang/Object'
  Current Frame:
    bci: @11
    flags: { flagThisUninit }
    locals: { uninitializedThis }
    stack: { uninitializedThis }
  Bytecode:
    0x0000000: 1208 1209 b800 0fb8 0015 2ab8 0019 2ab7
    0x0000010: 001b b100 0000 0000 0000 0000 bf       
  Stackmap Table:
    full_frame(@19,{},{Object[#31]})

	at project.StuffTest.twoTest(StuffTest.java:27)
]]></error>
    <system-out><![CDATA[Finished - testStuff

-----
Starting - twoTest
]]></system-out>
    <system-err><![CDATA[FAILURE: testStuff(project.StuffTest): Bad type on operand stack
Exception Details:
  Location:
    project/Stuff.<init>()V @11: invokestatic
  Reason:
    Type uninitializedThis (current frame, stack[0]) is not assignable to 'java/lang/Object'
  Current Frame:
    bci: @11
    flags: { flagThisUninit }
    locals: { uninitializedThis }
    stack: { uninitializedThis }
  Bytecode:
    0x0000000: 1208 1209 b800 0fb8 0015 2ab8 0019 2ab7
    0x0000010: 001b b100 0000 0000 0000 0000 bf       
  Stackmap Table:
    full_frame(@19,{},{Object[#31]})

]]></system-err>
  </testcase>
  <testcase name="OneTest" classname="project.StuffTest" time="0">
    <error message="Bad type on operand stack&#10;Exception Details:&#10;  Location:&#10;    project/Stuff.&lt;init&gt;()V @11: invokestatic&#10;  Reason:&#10;    Type uninitializedThis (current frame, stack[0]) is not assignable to &apos;java/lang/Object&apos;&#10;  Current Frame:&#10;    bci: @11&#10;    flags: { flagThisUninit }&#10;    locals: { uninitializedThis }&#10;    stack: { uninitializedThis }&#10;  Bytecode:&#10;    0x0000000: 1208 1209 b800 0fb8 0015 2ab8 0019 2ab7&#10;    0x0000010: 001b b100 0000 0000 0000 0000 bf       &#10;  Stackmap Table:&#10;    full_frame(@19,{},{Object[#31]})&#10;" type="java.lang.VerifyError"><![CDATA[java.lang.VerifyError: 
Bad type on operand stack
Exception Details:
  Location:
    project/Stuff.<init>()V @11: invokestatic
  Reason:
    Type uninitializedThis (current frame, stack[0]) is not assignable to 'java/lang/Object'
  Current Frame:
    bci: @11
    flags: { flagThisUninit }
    locals: { uninitializedThis }
    stack: { uninitializedThis }
  Bytecode:
    0x0000000: 1208 1209 b800 0fb8 0015 2ab8 0019 2ab7
    0x0000010: 001b b100 0000 0000 0000 0000 bf       
  Stackmap Table:
    full_frame(@19,{},{Object[#31]})

	at project.StuffTest.OneTest(StuffTest.java:22)
]]></error>
    <system-out><![CDATA[Finished - twoTest

-----
Starting - OneTest
]]></system-out>
    <system-err><![CDATA[FAILURE: twoTest(project.StuffTest): Bad type on operand stack
Exception Details:
  Location:
    project/Stuff.<init>()V @11: invokestatic
  Reason:
    Type uninitializedThis (current frame, stack[0]) is not assignable to 'java/lang/Object'
  Current Frame:
    bci: @11
    flags: { flagThisUninit }
    locals: { uninitializedThis }
    stack: { uninitializedThis }
  Bytecode:
    0x0000000: 1208 1209 b800 0fb8 0015 2ab8 0019 2ab7
    0x0000010: 001b b100 0000 0000 0000 0000 bf       
  Stackmap Table:
    full_frame(@19,{},{Object[#31]})

]]></system-err>
  </testcase>
</testsuite>